<?xml version="1.0" encoding="UTF-8"?>
<testsuite name="Cucumber" time="13.216" tests="1" skipped="0" failures="1" errors="0">
<testcase classname="US1004 Amazonda listeden ilk urunun dogru oldugunu test eder" name="TC08 ilk urun ismi arattirdigimiz kelimeyi icermeli" time="12.989">
<failure type="java.lang.AssertionError">
<![CDATA[java.lang.AssertionError
	at org.junit.Assert.fail(Assert.java:87)
	at org.junit.Assert.assertTrue(Assert.java:42)
	at org.junit.Assert.assertTrue(Assert.java:53)
	at stepdefinitions.AmazonStepdefinitions.urun_isminde_oldugunu_test_eder(AmazonStepdefinitions.java:99)
	at âœ½.urun isminde "kkkNutella" oldugunu test eder(file:///C:/Users/Asus/team116_Cucumber/src/test/resources/US1004_AmazonIlkUrunTesti.feature:9)
]]>
</failure>
<system-out><![CDATA[
Given kullanici "amazonUrl" anasayfaya gider................................passed
Then arama kutusuna "Nutella" yazip, ENTER tusuna basar.....................passed
When ilk urunu tiklar.......................................................passed
Then urun isminde "kkkNutella" oldugunu test eder...........................failed
And sayfayi kapatir.........................................................skipped
]]></system-out>
</testcase>
</testsuite>
